<?xml version="1.0" encoding="UTF-8"?>
<testng-results skipped="0" failed="1" total="2" passed="1">
  <reporter-output>
  </reporter-output>
  <suite name="Default suite" duration-ms="41" started-at="2015-09-18T17:27:51Z" finished-at="2015-09-18T17:27:51Z">
    <groups>
    </groups>
    <test name="Default test" duration-ms="41" started-at="2015-09-18T17:27:51Z" finished-at="2015-09-18T17:27:51Z">
      <class name="pratyush.testNGdemo">
        <test-method status="PASS" signature="start()[pri:0, instance:pratyush.testNGdemo@61257dba]" name="start" is-config="true" duration-ms="8" started-at="2015-09-18T22:57:51Z" finished-at="2015-09-18T22:57:51Z">
          <reporter-output>
          </reporter-output>
        </test-method> <!-- start -->
        <test-method status="PASS" signature="beforetest()[pri:0, instance:pratyush.testNGdemo@61257dba]" name="beforetest" is-config="true" duration-ms="1" started-at="2015-09-18T22:57:51Z" finished-at="2015-09-18T22:57:51Z">
          <reporter-output>
          </reporter-output>
        </test-method> <!-- beforetest -->
        <test-method status="PASS" signature="beforeclass()[pri:0, instance:pratyush.testNGdemo@61257dba]" name="beforeclass" is-config="true" duration-ms="1" started-at="2015-09-18T22:57:51Z" finished-at="2015-09-18T22:57:51Z">
          <reporter-output>
          </reporter-output>
        </test-method> <!-- beforeclass -->
        <test-method status="PASS" signature="beforeMethod()[pri:0, instance:pratyush.testNGdemo@61257dba]" name="beforeMethod" is-config="true" duration-ms="1" started-at="2015-09-18T22:57:51Z" finished-at="2015-09-18T22:57:51Z">
          <reporter-output>
          </reporter-output>
        </test-method> <!-- beforeMethod -->
        <test-method status="FAIL" signature="testAdd()[pri:0, instance:pratyush.testNGdemo@61257dba]" name="testAdd" duration-ms="13" started-at="2015-09-18T22:57:51Z" finished-at="2015-09-18T22:57:51Z">
          <exception class="java.lang.AssertionError">
            <message>
              <![CDATA[expected [15] but found [14]]]>
            </message>
            <full-stacktrace>
              <![CDATA[java.lang.AssertionError: expected [15] but found [14]
	at org.testng.Assert.fail(Assert.java:94)
	at org.testng.Assert.failNotEquals(Assert.java:494)
	at org.testng.Assert.assertEquals(Assert.java:123)
	at org.testng.Assert.assertEquals(Assert.java:370)
	at org.testng.Assert.assertEquals(Assert.java:380)
	at pratyush.testNGdemo.testAdd(testNGdemo.java:24)
	at sun.reflect.NativeMethodAccessorImpl.invoke0(Native Method)
	at sun.reflect.NativeMethodAccessorImpl.invoke(NativeMethodAccessorImpl.java:57)
	at sun.reflect.DelegatingMethodAccessorImpl.invoke(DelegatingMethodAccessorImpl.java:43)
	at java.lang.reflect.Method.invoke(Method.java:606)
	at org.testng.internal.MethodInvocationHelper.invokeMethod(MethodInvocationHelper.java:84)
	at org.testng.internal.Invoker.invokeMethod(Invoker.java:714)
	at org.testng.internal.Invoker.invokeTestMethod(Invoker.java:901)
	at org.testng.internal.Invoker.invokeTestMethods(Invoker.java:1231)
	at org.testng.internal.TestMethodWorker.invokeTestMethods(TestMethodWorker.java:127)
	at org.testng.internal.TestMethodWorker.run(TestMethodWorker.java:111)
	at org.testng.TestRunner.privateRun(TestRunner.java:767)
	at org.testng.TestRunner.run(TestRunner.java:617)
	at org.testng.SuiteRunner.runTest(SuiteRunner.java:334)
	at org.testng.SuiteRunner.runSequentially(SuiteRunner.java:329)
	at org.testng.SuiteRunner.privateRun(SuiteRunner.java:291)
	at org.testng.SuiteRunner.run(SuiteRunner.java:240)
	at org.testng.SuiteRunnerWorker.runSuite(SuiteRunnerWorker.java:52)
	at org.testng.SuiteRunnerWorker.run(SuiteRunnerWorker.java:86)
	at org.testng.TestNG.runSuitesSequentially(TestNG.java:1224)
	at org.testng.TestNG.runSuitesLocally(TestNG.java:1149)
	at org.testng.TestNG.run(TestNG.java:1057)
	at org.testng.remote.RemoteTestNG.run(RemoteTestNG.java:111)
	at org.testng.remote.RemoteTestNG.initAndRun(RemoteTestNG.java:204)
	at org.testng.remote.RemoteTestNG.main(RemoteTestNG.java:175)
]]>
            </full-stacktrace>
          </exception> <!-- java.lang.AssertionError -->
          <reporter-output>
          </reporter-output>
        </test-method> <!-- testAdd -->
        <test-method status="PASS" signature="afterMethod()[pri:0, instance:pratyush.testNGdemo@61257dba]" name="afterMethod" is-config="true" duration-ms="1" started-at="2015-09-18T22:57:51Z" finished-at="2015-09-18T22:57:51Z">
          <reporter-output>
          </reporter-output>
        </test-method> <!-- afterMethod -->
        <test-method status="PASS" signature="testAdd1()[pri:0, instance:pratyush.testNGdemo@61257dba]" name="testAdd1" duration-ms="1" started-at="2015-09-18T22:57:51Z" finished-at="2015-09-18T22:57:51Z">
          <reporter-output>
          </reporter-output>
        </test-method> <!-- testAdd1 -->
        <test-method status="PASS" signature="beforeMethod()[pri:0, instance:pratyush.testNGdemo@61257dba]" name="beforeMethod" is-config="true" duration-ms="0" started-at="2015-09-18T22:57:51Z" finished-at="2015-09-18T22:57:51Z">
          <reporter-output>
          </reporter-output>
        </test-method> <!-- beforeMethod -->
        <test-method status="PASS" signature="afterMethod()[pri:0, instance:pratyush.testNGdemo@61257dba]" name="afterMethod" is-config="true" duration-ms="1" started-at="2015-09-18T22:57:51Z" finished-at="2015-09-18T22:57:51Z">
          <reporter-output>
          </reporter-output>
        </test-method> <!-- afterMethod -->
        <test-method status="PASS" signature="afterclass()[pri:0, instance:pratyush.testNGdemo@61257dba]" name="afterclass" is-config="true" duration-ms="1" started-at="2015-09-18T22:57:51Z" finished-at="2015-09-18T22:57:51Z">
          <reporter-output>
          </reporter-output>
        </test-method> <!-- afterclass -->
        <test-method status="PASS" signature="End()[pri:0, instance:pratyush.testNGdemo@61257dba]" name="End" is-config="true" duration-ms="0" started-at="2015-09-18T22:57:51Z" finished-at="2015-09-18T22:57:51Z">
          <reporter-output>
          </reporter-output>
        </test-method> <!-- End -->
      </class> <!-- pratyush.testNGdemo -->
    </test> <!-- Default test -->
  </suite> <!-- Default suite -->
</testng-results>
